3 96 221 45
3 216 291 188
3 39 112 167
3 0 53 181
3 234 219 277
3 281 35 36
3 32 180 199
3 33 20 230
3 179 174 255
3 65 282 238
3 265 116 29
3 296 196 214
3 168 128 223
3 284 54 31
3 34 266 102
3 242 108 28
3 241 250 85
3 275 244 292
3 172 78 87
3 40 41 264
3 184 106 204
3 217 51 164
3 249 146 12
3 289 99 239
3 121 115 212
3 152 110 222
3 88 202 55
3 185 75 155
3 141 14 103
3 80 64 59
3 72 122 182
3 67 4 271
3 8 104 82
3 145 50 7
3 192 68 294
3 148 157 142
3 71 134 254
3 162 43 295
3 176 259 111
3 280 158 159
3 26 154 286
3 268 228 246
3 66 299 243
3 203 252 207
3 24 209 100
3 236 133 215
3 17 210 11
3 288 3 62
3 161 297 27
3 30 86 127
3 120 258 13
3 170 260 126
3 256 89 276
3 136 253 206
3 251 220 191
3 92 61 262
3 47 163 95
3 177 58 231
3 137 298 279
3 160 290 186
3 97 227 117
3 193 233 109
3 197 229 15
3 272 73 218
3 273 195 143
3 237 150 37
3 240 285 22
3 225 1 23
3 114 107 194
3 74 140 270
3 144 48 135
3 56 69 6
3 105 147 46
3 18 269 94
3 171 123 190
3 187 76 293
3 42 189 263
3 208 90 38
3 178 101 63
3 49 283 125
3 25 156 84
3 153 10 261
3 60 93 278
3 200 235 173
3 57 9 70
3 19 131 77
3 52 198 119
3 201 257 213
3 267 83 211
3 44 118 151
3 247 129 287
3 138 149 79
3 169 245 5
3 81 226 132
3 98 274 21
3 16 113 175
3 224 2 139
3 91 124 165
3 232 205 183
3 248 130 166