25 2563 2696 6285 5647 1302 6168 5784 1050 8475 6555 4001 5027 5037 48 4277 444 69 8134 7625 5073 470 1648 381 6910 3327
25 7305 5517 4367 9873 7316 2205 7709 5917 5279 3875 4133 1576 810 5549 52 6204 1982 84 3801 9181 5607 9455 240 754 4986
25 7044 3342 7188 2711 1561 4899 8873 4783 5551 9777 4786 9780 182 4297 8138 5835 2386 6611 88 7389 3943 3816 6257 2682 7807
25 1155 3844 8969 7702 413 1184 7334 7858 1332 3000 8633 187 8379 4798 8646 584 586 3537 4180 3028 473 3430 3050 5230 122
25 6272 2308 3590 265 7818 1684 4523 303 7224 7867 4545 1479 2506 5194 5709 5330 1371 9055 8799 2410 9195 5995 5229 4475 1404
25 1536 1545 7949 6159 7064 9244 1070 5807 1073 2877 7613 8767 9279 7753 6733 1359 8403 474 1627 4830 6238 6511 629 3706 8959
25 1165 1043 8213 158 1314 8098 5928 9387 2230 568 449 4291 4300 1612 3020 4945 3544 2907 9822 1119 5730 9703 492 6133 2168
25 6912 9731 2435 7685 4614 6922 141 3862 9503 677 7591 3240 9516 8497 9778 3762 3385 8893 5826 1488 6102 4590 2417 8057 1789
25 3088 6292 9876 8600 3739 5790 1697 2850 1583 4529 6324 4022 3002 3133 960 7883 205 719 8787 1762 356 4580 8948 6389 1532
25 8065 5126 4362 2958 9231 1812 152 4635 4639 4011 7215 7604 5821 6979 837 7630 8025 8927 4331 6892 3697 4981 3195 3837 6142
25 7557 4619 7055 7315 5907 4245 3480 9369 3237 1066 2229 4536 8639 5322 5581 5980 9566 6366 8037 3948 5997 4467 2676 2939 9468
25 6656 4482 8326 404 1178 3356 5149 7839 9892 3625 6057 9520 2482 5939 9018 6978 3524 5700 4294 5336 9824 1645 3567 2035 7804
25 9732 4488 5133 1294 7568 2965 7578 9243 5405 2851 4901 8103 1209 9274 3517 4285 6211 2886 1227 4177 6486 351 6367 9190 8061
25 512 8196 8453 6029 9621 5526 1315 7461 8880 4913 8892 5311 4550 7496 1481 5582 9186 4068 9064 6632 1258 3699 6390 9594 7293
25 9349 7303 2193 2324 8222 7838 4517 1701 7478 1335 2364 6726 5320 2250 7626 81 4178 6097 873 5101 1265 2801 4470 7548 7805
25 4480 4105 9611 8460 5132 6286 7181 2975 928 6309 2470 7336 947 6971 2880 9033 5971 3159 4826 9953 1515 877 3310 111 8690
25 9987 6662 1543 9862 4108 5146 7842 550 7974 5547 2867 826 3771 60 8002 7112 1994 6741 1624 7402 7152 3827 6259 7162 4735
25 5382 7946 7827 1560 6053 1447 4524 9903 7992 5955 201 6350 8144 8402 9299 1747 3414 1750 1115 9183 7784 4969 366 5105 4990
25 4355 3333 9478 3211 3853 5655 9498 2203 9252 8231 7464 7732 9529 7999 7491 5456 4310 1756 1757 8548 7908 8295 1133 4085 8565
25 1540 6154 2322 3874 6438 7081 1194 9262 1712 8753 9782 6455 5687 1467 2753 8650 7506 467 4697 4064 747 1900 4086 9079 1788
25 9485 3601 4242 9878 8988 5539 5800 8237 5550 4271 1842 3123 6709 1718 8252 1342 6341 1992 9930 1361 9184 2666 9068 9836 2296
25 9733 3722 2698 8978 9234 4768 3494 2220 1326 2354 4409 59 1990 7240 6226 1490 9555 2009 5982 9443 358 9713 8952 1786 2683
25 6529 2562 5121 5640 6291 9755 6693 1578 6197 4792 4029 6721 9666 1732 2246 4555 5583 7120 82 2518 2135 5590 3678 8299 8432
25 9223 1676 1551 1426 4886 1175 1056 1582 2356 180 2362 1082 7103 6337 67 6983 336 7508 4566 601 1883 8032 2656 5220 874
25 2432 3968 6792 9097 1421 2843 3868 7455 163 6181 165 9522 1843 3251 6707 9912 8768 1862 7751 4684 6368 7023 2935 2552 2171
25 5252 4743 6539 8718 5783 2583 3481 7711 3108 2852 6194 4531 698 1476 1616 7893 2519 9943 4698 6875 993 7147 7917 8051 7038
25 6144 8965 3461 2183 2571 3851 7309 7566 2835 7828 1953 9129 3626 6446 9905 6210 5575 1232 4434 5715 4191 6246 615 7143 5738
25 5632 3077 7175 6794 5390 7955 2581 5911 3865 7069 8353 8365 5429 8888 4680 3660 589 2640 4821 1878 3044 9959 8680 8816 3325
25 5254 2695 3975 6172 8997 1579 2093 816 2096 9525 8769 5574 4944 1233 7122 7768 9820 735 3047 2284 7665 8307 5242 3323 1151
25 9859 1549 4112 9492 8340 8992 5280 933 9765 8752 314 8524 3788 7632 2647 3416 1123 2920 3049 107 8951 250 5116 4989 4221
25 2949 5127 8203 3468 9362 1172 3483 7196 1190 6953 170 7853 5678 5553 6325 6460 7997 9161 3529 3536 7012 2794 4465 1271 3708
25 7821 783 7056 5009 8733 2211 1065 2602 3761 3773 6974 7493 1355 850 3156 3413 6615 4569 4447 95 7140 1254 1397 1654 635
25 4228 2693 4233 4752 7967 8227 7971 5546 2352 1202 7988 3253 5050 2618 1727 3264 4038 8135 4044 1742 9294 4316 2274 745 1915
25 2697 30 7072 2985 9900 3757 5294 2862 3889 8246 1089 4417 3655 1352 8521 4429 2515 2772 357 2155 7792 5107 5750 6138 3580
25 1031 1423 7186 6290 9763 3629 4021 4918 8128 576 8000 8515 5189 8517 970 1997 5968 3155 6230 6614 5080 9818 5215 6885 3695
25 2440 9740 4877 8205 1805 4881 2974 1567 542 4906 2730 6957 5040 9650 2360 3905 4174 8016 2387 9429 4575 1506 5353 3696 2041
25 1923 8970 7051 269 3475 8092 3869 7966 9760 293 2728 9388 9775 5049 5312 1348 2119 3534 3546 2651 3813 4849 8819 2803 1914
25 3072 9612 1935 9109 2837 7958 6936 4760 8726 33 4002 4008 1704 3245 8370 1349 76 4578 994 6374 2663 7921 5362 3320 893
25 2951 3850 13 1944 5915 2589 8481 5410 2216 7214 3760 820 965 7113 3273 4055 6753 738 1505 1000 2413 4078 5232 3065 6523
25 7810 3720 2569 4509 7458 7715 3111 4014 9784 9273 6977 2754 2630 4817 9176 2777 8285 6109 7779 8933 870 9964 108 7925 4094
25 8960 8579 2185 6164 7572 3995 3228 667 4023 9157 1864 1096 5963 4940 1487 4309 8029 8418 3300 7396 3177 1001 6637 9716 4982
25 7562 9618 4377 5788 4893 2727 6060 7863 6716 448 4928 4935 4689 9046 6362 218 3169 8042 1772 6253 4974 1519 7541 8822 9215
25 5762 8964 8197 19 7448 2729 4140 4528 1207 3900 6206 4420 8906 1739 7887 2000 4176 4435 9300 8275 5596 989 5610 2285 2173
25 9348 1798 4107 7447 1307 5664 6434 5412 4519 6442 4525 2746 1210 6076 8918 4194 7532 6386 5106 888 5241 9210 4477 6654 5886
25 2957 9236 6294 3225 7962 9115 9767 1452 6189 7859 3514 3270 3144 4426 8785 1876 4183 1882 97 5345 4839 6249 6128 4336 2680
25 1414 2317 6032 8082 3606 7705 5018 3484 802 162 3749 6703 7984 9267 2485 1081 7500 2002 1235 2902 2264 484 3688 6643 4471
25 5761 780 5644 1296 5137 2197 1309 6045 5919 1055 4142 5812 9914 2620 3904 8389 8268 8783 9556 8034 7912 7145 5494 2938 5498
25 4992 4993 8066 644 1413 5766 1941 534 8603 5662 5024 4778 4397 306 5299 1715 7616 3527 5962 5585 472 3291 3163 7774 7163
25 8842 8722 5400 2459 8610 9510 4391 4777 5035 8366 9519 4923 9533 317 9542 844 2511 725 982 5335 6113 5732 6502 9074 6399
25 4611 4101 1542 1164 5391 3602 795 5795 4006 4784 3890 2868 5685 5440 3267 4551 9166 5070 85 8150 86 4184 4572 8304 9212
25 7555 6148 1030 2824 2709 406 1816 2462 8226 4773 2603 8876 8247 5306 5181 9280 75 6873 5469 6882 5868 8817 2425 4219 5503
25 6918 4873 8594 3222 8216 5657 7587 6054 1831 2474 9134 1588 1850 3010 70 2379 5970 2258 4322 4453 4584 2537 9962 3051 9855
25 4230 2700 7695 7183 1810 7829 2456 674 5671 5676 1971 7870 4164 325 5704 6089 342 1366 5475 7400 6002 378 6139 5882 9085
25 2956 2831 6031 9116 6684 7199 2336 3746 7076 8489 8879 3642 3899 9789 963 2376 9302 5848 8028 868 5480 1130 7539 7412 5626
25 5890 2946 8202 8337 8339 9248 7077 4904 2476 7359 5964 2771 5729 2913 5227 6252 3952 5872 5490 3954 4088 4472 5624 5502 8575
25 4609 6403 9477 3207 9226 8464 7440 1687 9372 8608 1838 7343 5426 7347 2107 5444 1871 6481 8660 598 6874 2528 998 7534 8828
25 3714 6279 6412 1293 9616 276 7067 3361 8995 5284 9791 6600 8274 4052 8149 7903 7649 4709 5481 4458 9197 2804 2170 6012 3198
25 9350 4231 3338 8212 9624 3227 27 5033 8630 3515 6466 1987 1861 1095 3016 5706 2890 3152 854 9814 9819 1898 7927 1783 3069
25 8195 6670 8214 6811 3996 6562 6315 9391 6452 567 1464 6465 7494 5191 6220 8269 3408 723 4696 5849 6756 3304 6773 4342 6270
25 9860 4380 6300 7583 8362 4146 2998 696 1721 3768 1341 4032 7369 2513 6610 6743 9047 9817 3807 9705 5483 6380 4591 368 6783
25 7947 399 5010 154 160 935 9513 6958 2608 2996 6967 7358 9539 2116 7366 200 4041 7005 477 4587 3179 8049 249 6650 3452
25 9734 1671 7435 4756 3989 3735 3863 543 4898 9125 8488 9770 434 9271 2619 7872 9546 7628 5075 8923 7013 1770 3823 2800 8823
25 395 4496 6801 1808 663 1186 6828 4910 9017 3770 4160 7109 5958 6855 8392 3798 216 7896 4700 9182 5218 9061 3815 6762 3581
25 3977 9228 530 5019 2334 2592 2595 9005 2483 4404 3003 8765 62 7488 1228 3532 8914 4953 5724 5471 7270 4710 2411 7543 7806
25 2051 2181 8966 1419 6795 5006 1807 1297 666 4634 7963 8483 6069 3254 6336 196 7507 6876 8286 1382 7399 876 3707 2814 6655
25 9098 4238 5903 8078 277 8742 7463 4518 3630 5686 2871 5176 8656 4562 2131 6106 6750 2787 99 487 8300 1903 9076 762 1407
25 8068 9990 3348 6165 3604 5401 2077 1053 5533 929 1834 9259 2732 7475 7874 2510 6485 6229 608 9956 5989 5484 6642 115 508
25 2305 9737 5258 5904 4240 401 6560 6946 8622 9521 7864 955 8124 451 3911 979 7259 9056 3425 6116 9320 8936 4716 9712 7928
25 1284 2064 7956 2708 7453 3997 4255 8619 6318 5816 7482 5179 1222 5446 3147 4181 9431 3417 2919 5482 880 2675 884 3959 1534
25 7938 9738 4247 2970 411 1692 7965 2466 8882 5682 6839 6475 3918 9423 3933 9828 6375 7529 9070 5361 1266 5369 2555 7165 9982
25 9603 283 2461 292 6954 4522 9660 2494 1985 2499 2628 9548 5712 1872 3282 8659 8152 346 4833 8932 1261 8175 6256 4087 895
25 4356 8709 4616 3593 1802 1292 1301 25 6430 8749 3249 8113 2613 7866 5441 7492 457 8153 2265 6754 8292 1126 891 7292 6911
25 7424 8450 4740 8581 7687 3209 5650 8985 7833 7848 6319 951 1726 9156 9292 8014 5468 8289 5350 6761 1002 5098 7533 8310 9981
25 897 1538 5505 3586 8837 9491 2457 5801 6827 3502 2361 956 8640 3266 7237 3910 1623 8793 1497 2269 3949 374 4984 3705 6907
25 6787 134 8584 6671 3219 2068 5912 2591 8352 4772 1972 2999 8120 4540 9534 2626 8773 8133 8266 8139 77 8272 9441 1384 7272
25 9090 7570 6948 1828 9256 553 6440 5163 3369 8363 3769 3131 3644 6592 5957 9421 9295 7636 5593 8038 8941 1393 1142 3709 8318
25 9999 4497 4114 5395 3110 679 6313 8241 2739 7603 6966 7355 3776 1219 3909 6602 3276 9050 9313 7525 3303 8554 4459 7405 2932
25 1415 4489 3467 9486 5140 1813 9496 4641 1448 2346 5421 9393 63 4801 4298 6347 8155 7133 4703 5089 7535 373 2297 6011 510
25 6915 5895 6027 6411 4493 9357 1041 1170 787 6804 6426 9504 7200 8625 7477 3641 2373 3796 1754 6240 2403 9575 9704 5874 8947
25 2307 6664 1035 6413 654 7470 6191 4149 5945 9405 6846 3920 7762 8027 2146 9316 9706 7019 9707 6890 2548 7672 7290 6268 6526
25 4486 4239 9104 9872 7314 6167 3486 9502 9377 930 801 4912 9913 4036 3908 6349 8273 3929 8926 5855 8677 5615 2287 3059 9720
25 5637 1160 4874 22 281 3226 9627 2465 6444 3375 7739 7487 9407 708 208 6620 5857 360 5355 6385 3953 9585 6775 2424 8953
25 9471 9607 6152 6538 2705 2075 5663 5537 1827 6947 6564 4919 8505 9797 7376 1363 8665 3550 1637 4837 6508 9461 9976 3322 7167
25 385 9601 1667 4237 3215 658 3605 1047 4379 8606 4769 8099 5924 4775 5042 838 5832 3793 4690 7377 4196 2277 7527 5741 5884
25 2437 263 272 3607 3736 7197 31 6826 6577 8757 2747 7634 5202 1492 8795 2017 105 5999 8181 3958 1656 8569 2172 8574 3199
25 9602 4871 8077 6036 1176 6040 5151 8096 1826 2345 6186 6701 4804 3023 8282 5727 742 8167 2158 1653 8694 5497 4093 4478 8831
25 3584 6016 2692 2189 6797 2067 5397 8729 5532 4895 7456 3112 2601 4917 9142 1077 3005 9665 2642 8146 1886 9312 2806 9847 2300
25 2434 3973 647 2056 8074 2826 8717 2841 2458 286 7201 8878 5045 1848 6586 7107 3409 4060 4062 4451 8165 5352 7406 3064 9343
25 8328 9353 9224 7951 3730 4501 9752 8349 6052 4654 7216 9779 7609 9658 2120 6217 1226 973 8413 3294 7137 611 5354 8176 3957
25 6401 776 1295 8598 8727 5914 938 4013 2735 694 7736 1596 6080 6599 2121 330 6861 9947 1121 7916 7028 7159 6776 4861 8829
25 3839 6404 1927 1672 8457 7563 1682 6297 668 9886 1958 7594 8364 4661 9158 9681 722 3287 5212 4574 6751 7007 2549 9084 7935
25 2177 515 7429 4624 7059 6037 2326 4888 6173 5157 556 7085 4017 6964 190 4799 5831 3146 3791 5208 4442 4325 365 623 6779
25 3334 4234 1932 9882 1058 8994 3236 5927 5435 6588 8645 5319 4809 9802 1865 9168 6871 737 3428 2792 7657 9968 4724 1399 8187
25 4864 6660 5639 8849 6550 9374 4394 5803 3902 9282 4163 5315 8265 3540 1493 8408 2137 8030 9823 4067 4079 5489 3955 4090 7034
25 259 3223 1565 1445 7469 3119 7352 5954 4675 3781 4042 5967 3027 1246 3552 5347 3811 7139 6888 3442 500 5239 1784 760 125
25 2311 3848 5394 8087 26 5667 7979 8881 5693 4541 8383 6850 7362 5836 5711 345 6745 9437 3297 1124 8293 5737 2667 761 7546
25 2567 8201 6672 148 3861 6685 672 9893 6445 1327 6963 2112 6728 2891 4433 340 9687 1512 2409 6507 245 1145 5117 8317 127
25 5634 8325 139 5519 8720 4123 675 9254 6822 4272 7985 3506 3252 2233 7994 6082 9031 8903 206 1360 5728 6112 9445 6631 4211
25 8832 767 7554 7944 4494 528 2069 2719 7721 4274 6591 9935 847 9808 6868 8666 2271 4065 8422 2022 749 3447 4473 4729 3071
25 9600 5248 6280 6669 5005 3614 8990 549 295 8360 1068 3763 313 6333 4422 5067 9040 1875 2516 9323 3308 8050 7154 2166 9213
25 8067 8071 3856 9619 7701 6166 7836 540 5409 2733 2234 3777 8644 1093 6598 7114 2128 5331 2903 1887 481 743 8826 4733 766
25 8320 5124 8344 1305 1568 7202 5029 7462 1575 7612 8897 5452 4685 9809 3539 5843 5733 5093 5096 1131 5996 9708 1906 5618 5621
25 0 1159 4748 405 5787 3101 1318 1965 8368 178 3127 5949 9022 7108 2896 9563 604 7773 8678 1642 9580 9965 4593 9077 3834
25 1541 3079 5514 7060 5660 1062 2600 7340 1586 4413 5182 9417 6859 2381 338 3794 9813 8917 6369 7138 227 8557 1009 6263 6015
25 5889 6146 4755 5909 7063 6567 4138 9004 2738 8885 7239 5192 1098 7886 8662 1374 3427 6119 4335 118 630 2550 2681 8185 7291
25 2561 6021 6410 4491 6287 2845 931 5798 9649 4026 6203 2109 5193 1629 4704 4968 3178 621 3055 4082 8180 7157 8444 1278 4607
25 2054 5638 8843 789 3221 6680 9242 417 4129 4135 3368 431 7601 7225 954 3392 9792 4806 1097 9425 8790 6359 2283 5877 3835
25 896 1795 3332 5894 8458 2444 2830 2202 4521 6058 1835 8121 6970 2489 5951 4553 4043 4430 209 4308 2289 1526 1912 4601 7422
25 2304 2188 8211 916 918 1304 9757 5921 8484 9003 5675 1199 9264 9907 4789 1466 5563 7622 6732 8411 4967 1768 4205 9588 9469
25 8838 5898 2060 9103 4375 1691 8732 9261 4915 6200 8127 7231 1220 2247 9293 2766 5455 595 5734 6634 1003 236 2543 7156 7039
25 130 5506 7436 9883 5926 8745 9131 1609 6729 853 3285 2906 9308 2142 5087 9439 2015 866 7910 3302 2031 1524 2420 7035 7551
25 4742 4878 2703 8862 3621 4902 1325 3504 817 7614 3779 6343 972 1239 4312 7258 4187 6236 3035 6881 9574 753 3193 4603 894
25 2945 1286 8208 6932 532 5916 2977 7856 8245 1465 6458 700 9668 1605 5061 3400 9549 6998 1112 2012 2401 6376 6763 1774 8944
25 3587 8583 2191 8084 6692 9255 423 9130 1323 3117 9773 7729 7734 3018 4814 5842 852 8407 3543 3677 3043 7653 869 3186 6645
25 2688 6548 2342 173 6448 57 9276 8381 8518 5063 2505 6986 6348 8531 9303 6231 9688 5467 1501 5983 5474 3433 1259 9715 3197
25 6273 7304 2573 9101 5776 5273 3489 3362 4266 6190 2222 3638 5564 1853 8261 4040 5587 8290 7397 5095 4713 6382 1273 7421 6398
25 3980 3343 2454 2073 6682 8731 3894 1078 9402 4794 1722 3531 588 2125 334 4560 5974 1369 5211 2140 3683 6627 485 1520 119
25 7298 3843 6150 3335 7052 1425 6689 1061 4903 3370 3374 6838 3383 7737 442 7750 7375 9175 727 7895 1241 7135 5603 755 3189
25 646 774 3210 3086 2447 6929 2323 3092 1180 7713 42 8890 5448 9163 9804 6477 8912 3665 341 8024 5597 3434 878 2034 2812
25 7680 7552 2948 9221 2312 3724 1933 2712 1438 4770 2339 9514 2997 2615 1344 1737 6989 2132 5472 1129 369 4341 2554 3324 8573
25 9993 7179 146 1183 2720 9509 9645 7341 51 1471 6208 7873 6730 2255 4050 7124 5588 9692 8163 2161 3571 6517 7287 379 1791
25 9984 5378 2441 7569 4883 4126 6303 7211 7861 3257 7871 578 202 9680 6103 2522 221 2535 8555 493 114 6262 6520 3962 6781
25 8711 2952 5515 7693 3090 7191 7195 8478 7327 6951 3753 1454 6710 3898 2882 6596 9803 7247 9169 2130 3668 9816 4963 882 1016
25 4226 4996 3339 6667 3476 2455 155 6306 9250 5923 7597 8110 6326 7993 8637 5053 713 5847 8409 1759 2407 8172 4338 5366 8954
25 7936 4224 5512 520 5646 6289 5913 9754 3357 3742 4922 5566 9151 2504 4941 7638 5465 6501 9317 8943 3701 6646 6135 634 9853
25 9475 6277 2439 1552 8081 7198 4512 1698 7845 8870 9769 3881 8493 6582 3396 8004 3789 9940 3673 7257 5978 5346 3822 4464 1905
25 391 1432 8857 9630 9505 1320 2221 7599 9908 7226 6976 8258 6985 5834 203 8786 9689 5594 5853 4445 1375 6496 5991 2412 6131
25 4481 5387 8462 5139 9363 7189 5934 9392 2865 8499 692 7624 3785 6092 8398 5206 7766 1628 6370 5356 2030 9454 5878 6906 4476
25 5266 4505 5659 6307 7726 9135 441 9406 5824 8641 3140 9418 9547 977 594 7390 8287 3685 1894 6896 6901 7417 5373 1022 6271
25 6281 652 1037 8206 3738 8730 6815 7457 685 5935 8122 1728 1346 1606 1995 7764 7894 1500 8925 9697 6254 2799 7408 3579 8063
25 1028 9745 9111 4506 7581 7070 4130 2614 2497 1869 4561 6357 2646 1113 5088 8673 1507 2149 3942 1514 1391 8178 7027 4343 2175
25 4360 6283 2210 3242 1710 7607 5436 1854 3135 3651 4679 712 8655 210 343 8026 2147 7651 5348 9063 1647 6639 9969 8052 9083
25 9113 7969 6691 9126 7860 1211 571 9793 4802 5445 7365 6725 7115 1741 7379 5845 7001 2010 3037 4705 5094 7271 8302 9842 1913
25 3585 257 5130 9358 4370 3358 546 4262 6825 809 5295 9781 6072 7099 1105 6233 1242 6748 4962 7142 4206 367 7793 7540 4605
25 387 6276 6920 7567 2579 3478 3354 2083 9896 6193 4914 5937 8118 4289 2883 331 9934 7509 4583 4327 7018 8689 8053 7289 1402
25 7178 3089 2833 6554 6299 8736 9251 5670 7342 2351 7353 4284 3391 4031 5057 3278 6096 5081 8544 353 354 9057 7783 3817 3947
25 7556 9864 1938 6549 1942 5144 1328 8372 7989 7096 4035 1988 8007 4558 4432 4564 9305 4061 8676 230 752 9714 3828 3317 7031
25 3201 2081 6696 8233 8235 1198 6192 5684 1590 5177 452 6346 3274 3921 7891 5722 4059 7899 9582 7922 4852 9975 7673 253 5631
25 5125 5000 907 6414 7311 5138 5527 8230 5171 697 2617 4949 5985 2275 6757 363 1390 1138 8691 9203 3445 4985 5753 9341 1406
25 5763 7948 524 3340 7312 4754 8083 9368 2328 808 8369 9012 1717 5324 6988 9949 3558 7276 238 2288 4725 9590 8441 2299 383
25 4109 4631 1952 5032 5802 3882 1709 5808 691 950 5814 184 953 5059 9541 3658 1867 2280 1263 1268 9334 2039 2937 1785 1147
25 5001 3596 8468 4758 3479 5785 2590 6435 1195 305 5043 8883 1597 8894 2493 1602 8902 2893 2134 8281 5340 4192 867 4202 1529
25 5888 3589 2310 3084 8973 6030 1299 6803 8218 6812 4259 6312 8620 2993 5938 311 7761 7126 3931 5213 5214 9065 9709 6258 5111
25 5893 3087 8601 412 9249 9762 38 1064 683 440 2118 9673 7889 211 468 2138 8159 7269 6251 6381 1901 9457 3061 4857 9727
25 1921 7045 3592 6156 9747 9880 7577 922 4387 5669 1705 1080 5058 5705 1613 9806 7121 4950 9952 2917 7661 9840 5492 2167 5118
25 8194 1288 8971 1564 3627 4016 6706 1331 8243 6840 4539 5823 4301 3661 1870 8270 5325 2637 8283 9054 6500 1899 7020 6126 4091
25 7041 3713 9347 8577 7042 1547 4884 7957 8471 8088 8866 4390 2089 9270 3520 8263 1608 2761 6609 8161 2040 8955 3068 7675 1918
25 769 5255 3719 1289 10 5771 1550 4759 4128 1059 1829 2471 1964 3503 54 9278 3782 9419 3279 3165 7902 8798 488 5866 3311
25 9219 519 3337 790 8095 8224 2215 5291 7097 9019 7615 8648 5068 848 6618 9051 4832 3681 6371 7398 7915 1132 496 8571 4348
25 2180 261 1168 2710 8982 6433 7467 7476 8896 8387 8003 7498 2124 4172 2383 5717 7518 6623 3940 1252 7781 1639 3056 3826 9845
25 1026 2820 5768 4630 5656 3609 2842 2469 5940 2878 5569 9281 8262 3784 5450 3406 5072 3412 5077 7136 3554 9572 4071 4073 2677
25 7943 9227 1937 4887 5143 4249 6681 3353 3100 8616 3124 3510 9398 7991 4030 8129 9287 8393 9562 606 739 9699 5869 7025 8183
25 3970 5379 8708 5636 2691 1803 9240 9241 4762 6171 7324 285 3230 3488 3491 9009 7350 9404 4423 5209 6237 3938 8173 3832 6395
25 7170 2572 6668 8974 8847 9748 2198 5529 6941 5796 806 4781 430 2479 7740 704 1998 8530 4823 3549 1503 3305 4209 2162 1523
25 4353 6145 3723 9102 8976 1557 3352 2074 290 2219 9132 9904 2228 3518 7106 7499 971 8526 9551 8412 8929 5858 9198 8437 1787
25 4997 6661 9351 2057 4638 6305 3745 3876 1959 46 948 3387 4158 3265 9925 3397 9174 1372 7644 7656 2924 1776 8308 2037 6137
25 2823 4500 921 1693 3871 4003 7206 9389 9655 312 9915 5314 9559 5600 1892 1766 8296 6889 3307 4460 1773 7918 6001 9336 6905
25 6023 4617 5897 3979 6296 3611 8477 35 9124 4530 3640 6972 1468 2885 2385 8017 3935 2279 2923 2027 9451 4976 9970 6134 7678
25 6663 8075 9739 4621 6545 3094 6808 1434 4009 3113 2861 5944 6207 832 4415 9289 9932 9564 8425 8814 1010 1011 7158 8056 3838
25 641 4106 5522 4499 6295 1181 5534 3229 9120 3879 1063 9008 9776 2629 1357 4816 9690 1376 2657 5478 4075 1777 5235 4213 2942
25 4738 1559 1310 9378 5544 1584 5300 5813 4670 3775 4800 2758 1094 4683 3795 859 9180 8158 7648 4581 5100 2545 6516 1017 6782
25 5259 6544 2834 2194 2582 6170 7970 2723 4647 688 6075 9409 6594 5578 2382 1106 4063 352 5605 8807 4841 8815 5491 5748 5758
25 1416 1801 3990 2200 5021 9118 8868 2724 9895 9015 5431 8763 6973 5442 8899 4421 3299 4588 748 494 4333 9332 8950 1917 3710
25 9866 11 4492 9614 1679 8724 6938 5540 8996 9639 6959 3633 9395 320 2496 4547 710 4693 7260 3423 3167 6768 7411 2036 1910
25 3076 5128 1418 1556 3096 7325 9629 2218 171 298 4657 563 8371 8251 843 4812 9171 8417 9955 871 2156 3188 5372 3454 7423
25 9099 3726 9885 9887 6570 9774 9011 695 6079 9928 2892 78 9679 6866 4691 3923 7381 3928 1004 497 5109 3575 5495 4987 9725
25 768 3591 786 9237 4118 1174 4508 8991 2464 9632 6688 7087 6322 1208 4156 9917 9021 3261 2370 9667 7752 8523 3293 486 4208
25 9605 777 7180 4366 6034 3360 8225 2338 8100 2478 5679 4275 3129 4793 2875 6332 8771 8400 5718 3810 5860 231 5224 7017 4469
25 8332 2574 6288 1177 926 1440 2856 7212 8758 5175 6462 7232 6081 4677 5959 3148 5837 4556 9296 7763 4565 1140 9337 7930 1659
25 3712 3846 5392 8614 175 815 8240 1075 307 2745 4926 1473 2764 8527 7248 3419 8670 8160 226 6248 4585 6123 875 1394 9978
25 9728 6916 772 5002 3598 6802 7320 1049 8220 669 2849 2223 7869 8510 447 1217 7111 7372 463 98 8035 1136 9200 4851 1012
25 3472 5782 7960 2460 2846 5407 9888 4652 5164 5166 6329 8249 2495 1087 3141 3277 4047 6992 3295 4070 4973 1517 628 4089 7802
25 6657 9354 9741 7694 6807 9253 4136 7084 1970 5428 7990 2242 8130 3269 8390 3913 6474 2641 5463 7256 480 3046 4844 1392 9204
25 3971 8455 6923 2316 7445 7975 4905 1580 2740 8375 9147 192 5187 8137 4173 3538 6099 6746 6247 2536 7015 6513 8182 7164 1919
25 2053 7814 1161 2061 3994 548 9897 299 6573 4666 5309 1860 2762 7246 3154 8534 4314 5339 4848 8945 2038 6264 8568 9597 9214
25 9991 9615 9622 279 4144 5169 4659 7606 5820 2500 3012 6604 1237 2005 5591 6488 5720 730 7770 5086 1630 5602 6630 9319 8551
25 640 539 9501 1955 7460 300 5041 3508 3893 2100 3895 6071 197 8008 4431 6738 7513 4058 5601 6114 8930 1128 9463 5880 5759
25 6919 4618 402 1690 4766 7980 2992 5554 2490 3137 2253 1238 600 4568 3038 4195 3684 9958 232 109 3694 5486 4077 2930 1405
25 9344 6402 1157 1553 17 7066 5155 9638 3884 9390 53 9148 8778 587 9553 8279 7129 6490 2782 3173 7664 3191 7544 7929 7547
25 3456 7561 909 9998 7826 8604 1441 9906 9139 7484 1725 7234 9929 3915 2894 9167 2768 80 4305 4708 3821 7537 1013 8696 5371
25 2566 2062 2959 7182 8721 1437 6955 6830 8495 1711 1713 1975 9538 3525 4428 6749 1118 7401 3946 8046 9584 6132 244 504 4479
25 7809 1032 3080 3091 150 9751 1308 1446 9007 1204 3765 9654 1859 2244 2384 6865 8151 2905 7517 4323 5743 6127 8824 8702 6143
25 2178 7172 9230 1427 5398 1947 1821 5536 7329 1571 7593 3376 689 9399 3774 7235 2248 4168 720 6483 9821 2145 9075 9972 4855
25 7683 4 7176 6408 8331 273 1316 4134 3241 1706 4526 7217 310 9527 5948 1086 5952 4033 7244 4045 2909 2539 2807 2679 3577
25 7296 6530 9 6161 20 9625 2079 6816 8355 6310 6831 5298 3764 693 4027 6601 8011 5972 3292 8416 8039 9831 7155 8440 1658
25 7811 3206 9483 7564 3982 1044 9366 5414 4264 2365 3134 6720 3786 3663 465 8532 1621 6616 8538 7647 8928 7395 5861 9325 5237
25 9473 8327 523 9613 8977 5524 6806 8983 1435 9376 4265 3246 4145 8116 5051 705 7631 5844 5462 985 5091 7026 3444 1780 4215
25 8452 3588 3078 5769 145 1429 5922 3496 1844 8887 3256 9543 8012 9165 5200 2514 726 5464 1370 8419 100 7523 9835 1522 4858
25 4750 9106 1046 4633 6176 1573 2472 4782 4399 9140 3125 2616 8512 6849 7363 3014 5321 3403 1485 6737 5082 732 4579 2021 2164
25 128 6917 9610 8856 793 3355 4398 7728 4157 1091 4803 6727 7623 9422 4948 6107 991 7263 1889 3175 2538 4970 239 890 1663
25 1537 1412 133 5518 7696 2962 2452 9636 7208 3637 8374 7735 4410 1338 8006 2509 8020 2789 4198 9192 2795 6510 3440 2421 8703
25 4099 5892 6533 3857 6930 9493 7976 3498 427 3511 9149 9920 2759 3659 461 4567 4952 7904 612 8421 6765 117 3449 6521 9342
25 3847 522 5260 8844 2448 4632 6563 4653 4787 7219 4024 699 3903 2126 6862 6736 4822 5726 7913 7919 1907 9078 8825 7549 638
25 6658 1922 2 5 8597 9749 673 6695 1451 6316 6450 8500 3255 6587 2372 9172 8539 7519 996 6373 6758 4845 7791 6652 1149
25 7040 8961 7559 8846 4110 662 9884 8740 943 5307 3136 4930 8776 5210 9052 3548 3676 355 2790 9447 3054 3698 8820 1909 2934
25 9985 7169 8322 4994 3855 6552 6049 3752 5425 3634 9010 5305 1085 8766 577 5953 6994 607 1633 8806 1643 3182 3960 4345 4092
25 8580 8198 6927 3474 2071 9114 7454 8223 6687 9379 1700 7333 7850 3371 9396 3650 3022 2389 599 1244 1247 1387 5358 2160 3441
25 3331 8329 2575 2192 9750 6810 9889 4260 2983 4139 4015 1456 6833 4287 7744 3541 2911 9951 7654 7016 9961 2157 7150 501 8572
25 517 5383 8466 7317 5269 8473 2715 6188 5680 6576 6969 5561 2363 7230 9675 3922 3799 7641 9565 1508 4714 248 9721 2042 380
25 4236 7438 9108 2586 2971 8348 3359 4897 4263 2984 6198 9528 9023 831 6083 3395 1231 4441 4315 1769 2796 8309 8570 1018 9852
25 6532 4870 9881 1950 3102 2718 6690 5417 3500 4147 6199 1723 8255 5317 2502 4813 8782 4694 4313 9309 5981 999 9449 2544 376
25 514 6018 8209 7313 4244 7321 4250 1442 9899 1453 9517 5302 6715 2238 5313 7233 9800 4307 6872 6886 8683 625 1267 7923 639
25 1024 5770 9359 5014 6679 7323 8480 1570 9385 8236 814 8756 9530 575 6848 9034 6863 335 1745 3797 4695 3033 3682 2670 375
25 6274 7939 2565 5386 1040 7571 2707 4629 917 5652 5531 4125 1187 6436 3363 9030 2633 6476 2773 4706 5479 3562 7663 4337 2165
25 4885 8725 919 409 3499 49 8755 5044 9275 9661 2884 5062 4678 8647 9801 6860 9036 8396 7511 9304 6235 222 241 3058 8190
25 2050 4490 7691 2080 1444 2981 3755 5548 8751 819 8506 6459 316 5838 3670 6622 9826 4324 364 1005 8055 9591 123 1533 3966
25 3330 5509 7690 6800 3608 1054 5152 2980 4261 8617 690 2744 8132 7627 9550 1618 1236 6999 4318 4966 618 9456 1139 3576 6266
25 7681 262 138 3224 4765 4131 5668 8487 9647 5174 6714 4546 7749 332 3404 6734 3924 6489 4057 4450 3555 3431 3306 4979 382
25 8576 2049 2690 6790 8841 3214 1173 2714 1951 1577 7724 7730 4155 7367 8140 5453 8661 7776 3298 7267 1765 7662 1135 2423 254
25 6534 653 8207 8591 2450 9238 280 4889 288 8609 2857 3758 6447 5809 6073 8635 2498 8010 7760 2770 3288 4960 9702 5740 3578
25 9729 8076 3613 6302 6051 2213 1960 3115 5424 4401 9016 6202 4414 1475 3019 7504 6869 2521 605 7777 3812 624 3057 5240 8701
25 1152 1283 9869 5905 4241 791 4121 6428 4894 4907 8494 9013 5817 7354 827 4412 74 3153 9945 1253 9452 6638 2032 9460 511
25 5249 920 7452 9758 5025 9634 1957 7207 9128 9518 6834 185 707 3272 7505 9684 3286 9049 4956 6250 7149 8433 8445 2045 5630
25 9093 6282 8463 8215 9371 2209 6818 1572 8356 5415 7210 3754 1840 4406 7094 4544 9799 4815 4054 4188 4843 885 8949 6136 7679
25 1666 4867 8459 4235 5008 3216 3858 8746 4655 4418 4292 6352 981 8663 1753 2396 8668 5221 4326 8937 9196 8314 4474 1661 2559
25 6405 7816 8585 779 6541 782 14 16 9110 7471 1336 3390 1347 3399 2122 6613 7639 3545 482 8546 744 6504 8047 1264 5114
25 4865 1796 9606 6153 3603 278 3099 8354 4645 4646 8111 3128 6842 4286 5695 961 4943 1364 6878 4831 6884 1255 5103 4597 6518
25 6429 8094 4514 3109 6183 4267 9644 5168 2353 2621 4543 8005 6853 9037 6351 9427 856 5852 6110 4717 2547 372 887 2810 1019
25 5123 7299 7437 7952 4388 4020 2357 952 8762 3652 2634 8781 1107 8019 5205 2263 862 4964 7273 7274 6261 9717 1911 6007 1657
25 5253 8454 2186 4113 9364 8853 2201 3233 4004 4774 3114 2858 2606 8623 5811 4279 1472 3654 4819 215 3547 992 5097 5875 5887
25 5377 1539 2819 267 24 7704 7065 9112 6048 8108 1837 8501 9532 189 5454 5840 7378 728 1881 7516 7278 7536 4081 4731 2943
25 8064 5760 3074 4615 8072 650 4627 7449 7708 6820 804 5292 7596 1459 2869 829 6856 5833 3402 8784 6740 7772 2404 4468 121
25 8962 3203 2309 136 9355 4372 5781 1822 2976 1581 7598 5806 2226 830 6975 5183 5708 2775 7512 6879 9188 3301 4332 4344 6904
25 3716 1290 7185 4498 7061 6043 8219 4637 924 7982 5039 302 7092 4921 5052 2624 6213 2123 344 2780 7905 616 2668 6770 2556
25 1411 5003 4876 9497 6557 7326 1188 1321 8238 5423 8373 4150 9535 6847 2113 6084 9035 1614 6491 4319 483 4836 4329 9331 5113
25 2817 6278 8199 3208 2055 6666 2059 1162 9373 5535 8998 6950 7095 4805 3783 3151 7123 2910 6115 8291 4723 6005 9082 8442 3070
25 8833 6147 6673 3988 8596 6169 4507 4892 6059 1968 4405 183 4025 4671 3914 2260 9560 6493 6625 5219 5225 2927 5493 9596 5119
25 1282 9100 8716 5520 2578 151 1945 3867 41 8750 176 9910 7228 3271 3917 5965 4317 4446 6759 8045 3566 3825 1651 1270 5885
25 8451 9735 15 8595 3731 541 291 426 9643 7091 825 1599 3656 3533 1874 6612 1110 2136 6619 1884 2524 8414 7526 619 3582
25 5641 3725 6542 5135 911 2204 8485 3877 8106 4268 4143 9526 4282 6215 5961 5966 223 1250 6499 5604 235 9071 627 6003 9971
25 2955 9742 912 2840 9247 9759 932 5925 4909 8503 4665 569 572 5568 3523 4548 5064 846 6228 6100 4959 9446 8560 4722 6014
25 5765 9996 12 9879 6301 799 5932 1463 3513 4416 836 582 9805 8399 1615 8535 3800 4571 9832 7914 9963 2922 622 6000 4728
25 5376 2052 2314 7439 1042 6419 3991 1048 1695 1824 2848 2212 2596 1833 1593 4034 8525 986 2650 5084 5342 1380 2925 756 7798
25 7553 6531 649 6158 7717 172 3120 6961 9394 4916 2741 3262 1218 3394 2114 5326 4582 879 9328 7024 6899 9589 7671 5754 2047
25 9986 4227 7942 9094 4111 3345 665 8346 8602 29 4000 174 1845 1719 5692 5451 7116 3664 3284 1243 8168 8431 5873 8946 9338
25 1664 388 393 4626 2838 4502 9909 7608 5048 2366 193 7881 339 2261 1749 2779 8797 2014 7009 1510 233 2802 2931 1275 7550
25 256 5256 656 7700 5282 4258 2594 9381 2341 9123 3247 1457 3766 55 6457 2749 5707 1230 9170 6867 7253 2391 3556 1896 8305
25 2433 7689 7953 1179 5276 6558 8865 3619 9523 821 3382 1983 3139 198 966 6984 7497 4824 475 7645 4321 2533 8040 7280 2673
25 9216 3464 137 144 7444 794 6943 5541 2099 5427 5688 1984 9155 2501 9173 1498 1245 3934 6117 4838 7790 9327 9466 3450 2301
25 7043 902 3594 9356 5261 5262 536 2978 4780 6829 4154 1851 7611 9283 6469 9414 6087 4302 464 9812 7006 2660 4203 8812 4596
25 9217 5507 9092 4358 518 1287 525 7840 3373 8496 9137 7605 1205 4797 4161 9795 3530 8910 5078 7002 4842 6393 7161 2557 8958
25 3204 2576 2593 6821 3495 7854 6585 5950 9922 8516 7878 3017 1740 596 7892 8794 91 7003 2788 4197 103 4853 886 6647 7414
25 788 8987 9117 4515 3623 8376 2232 8250 9788 8009 7241 3666 5846 6108 3426 7650 1638 3560 1388 750 6644 2551 4346 2044 1148
25 8586 526 2961 8210 5268 1051 2587 8359 7337 4276 564 823 3001 6844 8382 3009 6606 2778 3675 1888 4577 2661 2926 7542 9722
25 1669 8712 3852 8848 7057 7959 7209 2480 3519 4810 7637 2262 5719 7385 6363 734 2018 6629 4069 9448 1646 1521 7794 7926 3963
25 9088 8193 7945 1433 6553 2331 5931 6584 7098 8126 3149 6224 4570 7521 2529 5477 8935 106 3951 4080 6895 7282 9711 7286 7036
25 1800 1930 4751 28 9507 2086 551 2866 8632 3386 5308 6205 5439 3138 9029 8653 7119 7249 9041 4311 7897 1631 1381 4983 1279
25 770 2179 7823 2836 4117 4761 420 7844 1333 5697 9284 5447 2888 592 1873 9686 995 8938 8939 2159 1007 8435 4214 5751 5625
25 1804 1167 1424 3728 3860 6425 3482 5150 4511 5799 2995 1716 4148 7862 7880 5327 6353 7127 7769 2532 5863 361 8171 8684 6515
25 6528 5388 3470 2960 8854 1303 1946 6813 4253 157 4382 3381 4408 9657 7485 4166 1744 9811 2006 7392 2659 5736 1644 3181 2174
25 2689 8333 6928 9874 9494 7584 2986 3885 3121 7868 6345 6091 5198 2898 9043 6997 6747 102 4328 5102 8430 5745 3187 5622 9470
25 5504 4739 4741 915 4122 3485 8739 3748 3107 294 6184 297 9258 9257 8109 438 1221 1746 1365 2648 1764 7782 7283 6903 6519
25 3840 1280 5643 1939 149 9367 8986 8351 807 7473 946 8627 1978 3006 8148 8919 1496 602 3290 7388 5990 2921 6509 3313 2290
25 8704 1158 3463 6535 5148 3103 3231 159 4270 3118 3631 6705 1714 6330 443 2748 7619 6742 214 1626 8157 8427 9201 4594 1652
25 7425 4354 8835 2967 1688 5015 5020 941 5038 4019 1589 437 5580 7629 5341 7394 2026 5357 495 4847 7153 2416 1015 6648 2302
25 4612 7307 6798 2321 3740 2588 416 8993 3493 3367 8492 6317 6067 6201 6464 2755 6219 8021 2912 3553 8424 2665 4971 6255 9724
25 8705 2436 6536 3336 2832 5275 6182 2344 7466 1841 5170 7748 71 6857 1483 3281 5076 4702 2016 9058 6503 7528 9324 8174 5629
25 5267 8981 6677 7961 3866 5404 3487 2725 5413 424 3880 7595 5419 3244 2737 2622 4303 2899 5716 7132 6626 6387 5236 5620 2811
25 1792 6020 7688 5131 7078 7847 2854 1707 6832 2864 6327 58 957 8652 8911 2512 609 5613 5485 5360 5363 8692 9973 9208 1020
25 4747 2443 5775 9744 6416 7576 410 2716 5159 5559 4537 6724 6471 4946 6227 1619 1111 988 5349 1256 4592 1137 8562 4854 4730
25 8192 7171 6788 8461 2319 6543 3999 9890 6178 6308 8871 5288 5674 445 3011 9415 969 1611 1868 864 2786 6242 1127 3048 2664
25 2818 5899 3469 913 3992 4251 3998 6561 4018 8761 2111 8385 8777 7373 5975 5083 2781 8669 1632 101 4072 7277 3693 5359 4083
25 6149 8589 1677 2453 5023 6175 6195 1849 2369 6597 6088 7635 8147 92 4576 2020 6120 7788 3820 9839 2933 502 3196 509 7934
25 7426 4376 5017 8347 671 287 1185 7073 1825 9508 7972 7973 5310 1855 4929 8395 4304 6993 2644 4185 5725 6877 8672 8549 1023
25 6785 4100 4484 1544 5513 3986 8861 415 9631 2855 9772 3759 1203 7220 949 6735 4439 2008 1116 1771 8556 3565 5876 3318 4598
25 7937 5250 7430 7815 7433 3978 3987 3732 2972 8734 4383 9891 6331 6719 9554 8406 8537 9444 6760 6130 6771 3443 370 758 8699
25 8963 1925 5004 5778 1683 3733 4504 4254 1311 4007 6453 9143 5818 8254 9408 2757 5714 7251 5598 8288 8169 1386 8558 8311 7800
25 7046 8590 5263 3983 5653 796 8221 9506 8228 5285 9133 4527 5941 1090 7238 2375 79 9557 3030 857 3941 9193 5108 5110 7416
25 3471 7707 6565 4392 5034 1836 3248 8759 9272 5443 1350 9677 4046 4051 6101 4701 5988 4074 6893 5870 7022 3830 1272 889 1400
25 3082 8612 3238 8875 4402 8114 1603 9540 9032 842 2897 212 1622 4954 4699 93 3805 3680 7141 1509 1383 5099 9967 7538 5499
25 129 2564 3465 5277 8093 5538 8102 39 8886 2751 6595 72 7384 8156 3422 9060 2791 9069 3183 5619 9205 8438 1527 3192 8446
25 8840 4374 7575 1057 1963 7857 8380 7743 9026 456 1224 1101 3407 721 2007 9944 3421 8547 8804 5865 5228 7676 1021 9598 7295
25 5635 3972 908 3734 3864 1052 7837 3620 2087 6055 3507 6708 1345 3528 585 8913 5203 2390 7642 3034 6752 8041 746 116 4349
25 1025 3205 3718 4487 8582 8330 2315 268 1675 7184 8104 8747 5036 6064 5946 5184 1730 459 9420 5459 6996 9435 1893 8808 6125
25 9857 2306 3458 7940 260 6407 5896 8588 140 4495 8335 5136 2072 2713 5022 2467 421 5433 9786 958 4437 1495 1755 2540 1395
25 7432 3212 1431 5545 7338 2991 9524 1856 5572 5573 4552 1353 6090 9672 7759 6991 83 2649 8801 6241 4846 9718 8695 5752 9593
25 8830 9489 2706 6046 5406 5158 3622 680 9902 565 9653 8504 1343 7104 581 5703 1996 2127 7524 7789 9467 8316 764 126 2815
25 4608 1029 7950 8342 3741 7071 1569 1192 9260 8621 8119 4664 7480 834 5069 9424 1117 9825 8931 1895 6124 4462 9592 6265 5756
25 4610 3715 8 905 7819 7692 5649 6422 4900 1703 6439 2859 2736 8626 2486 5567 3263 967 9160 9674 7380 7004 9059 3559 2929
25 1154 9997 7830 8474 7450 2844 2207 5286 7335 9512 428 7472 56 4668 5195 591 5457 9685 7640 6621 8542 7909 7659 2414 5367
25 2449 7187 8467 797 9246 1313 7589 6572 8112 3516 1729 3145 3671 8664 350 7010 2530 6122 6129 4340 1398 2295 1528 3961 8315
25 9743 400 5142 1817 5278 3366 8358 9384 3372 7213 6704 2236 3389 1600 583 6218 2252 9941 7771 2276 7275 4980 9080 2940 4606
25 9089 1665 4613 7310 3729 6937 9766 7465 945 1976 6461 1598 9027 324 3916 479 6880 2144 7264 8031 3679 3818 1262 632 2941
25 8707 8204 2076 5665 7459 1317 8615 2088 3509 9150 4288 8384 9024 6340 6980 1734 3653 7370 6098 855 7775 1761 7032 4218 1276
25 7300 645 8836 9995 7825 6805 676 4648 8361 47 7865 6094 9807 5839 3025 8674 7144 8170 8940 5742 3570 9843 6522 1790 7166
25 7297 6793 3981 5393 8469 1820 7328 5673 3243 5562 9664 5956 5190 1735 6342 7884 6605 7757 3150 3535 4182 3687 6512 5238 3703
25 386 8710 9863 2184 6933 3364 4278 5304 9785 6328 2371 5828 6216 7371 6731 89 5217 7011 7021 6640 7409 9974 6391 507 4863
25 1036 6796 5007 6162 6676 5141 7451 5281 8744 6836 5172 9153 6339 5188 8519 3032 3161 8667 4829 9950 349 1897 9579 1143 9209
25 1153 1670 4879 4503 3351 2094 2224 4673 321 3907 9796 9544 4936 5196 9810 4818 1751 7386 3162 1885 741 9321 6764 4719 2043
25 5381 6924 6925 7308 9871 4369 538 4252 8479 3232 2734 6962 9783 9656 9159 6093 9938 863 3296 3557 3436 6260 7029 3446 9081
25 7168 3 9988 3462 784 3612 34 2979 2853 169 8624 1201 4532 2237 6593 7747 204 466 8297 2286 5744 6898 247 9979 3836
25 9091 6022 3727 1169 6417 2195 7573 3737 3873 8613 7846 818 9397 7489 4299 2636 7503 5850 4827 9954 4835 7785 8811 8559 7920
25 8323 392 4256 7722 4908 1455 6321 9138 50 8248 5689 2872 5438 2245 1223 8905 714 3405 5201 3932 7522 7531 9837 1006 3967
25 6921 7697 2580 6293 2078 3743 8350 8611 2085 5557 2870 3384 2623 8513 9410 450 7105 9154 326 5199 6364 9571 9073 4210 4977
25 1034 2827 3093 407 282 7204 1585 7986 435 2358 1595 6078 4927 3912 9039 3158 3160 1752 4958 3432 5864 9581 4602 2427 8443
25 6556 5789 6814 3106 678 9894 7590 6697 5542 8999 566 2359 454 7502 2904 1880 9178 3289 6365 7787 2671 9844 1269 8566 5365
25 1668 3595 7053 9870 6039 558 5942 6711 2491 3648 4296 6221 2639 4820 2394 731 6244 7658 6636 4334 7407 7796 4726 5879 5112
25 2058 9229 6926 9383 6187 9911 6713 4411 6077 3646 2239 4672 8386 327 8520 5065 5579 1486 5584 3280 976 6995 8410 3164 2426
25 3457 6791 9352 4365 8845 4753 4115 2070 7835 5920 5289 811 5422 1973 9152 1216 716 8141 5851 9440 1378 6118 3819 8428 9846
25 1 9095 7054 7443 8728 1818 5411 6581 7349 181 3512 2106 1981 5056 3787 1229 8654 6095 2256 8529 4438 7778 1763 9701 1511
25 8448 9218 4359 6537 2187 7954 659 8472 3870 7080 1967 3887 4151 315 2235 7998 453 1477 4687 4692 8404 9434 224 3060 7545
25 8449 3466 9746 4371 8980 3490 2597 422 2726 3628 433 179 309 1470 6212 9671 4189 8800 7520 6498 3944 490 3564 5231 124
25 771 516 4868 4483 5516 3213 2332 5153 7588 6698 2098 8760 9916 4925 580 845 462 5337 5854 96 1635 3184 7284 9464 1401
25 6017 3842 9858 5251 6026 7831 5918 5026 2343 557 2609 2611 1337 7357 7486 4937 1354 3031 2918 1640 2672 1782 6649 5243 5883
25 2560 1281 5385 1033 8343 2839 8091 1182 8869 5030 7592 1450 5296 4534 3643 61 4563 2517 9694 6378 2674 7668 4216 5757 4223
25 5122 6024 2699 5900 397 8334 8975 275 3747 9511 7082 43 4788 5173 5825 5701 9683 3415 6617 1122 6245 1641 3691 8561 9854
25 4104 8972 2196 6686 5161 8874 7083 4141 7346 9145 4796 7356 8257 194 9285 9669 6472 4427 7125 8280 3551 9570 8298 7666 9462
25 6019 4869 1422 5134 4368 3097 5403 6061 308 6456 5055 8522 7756 2388 4053 7767 1499 9438 9569 9830 8553 2928 8821 633 9465
25 9609 5654 535 2969 3098 9245 7712 7978 4012 9266 7110 7368 8401 7252 7510 7255 2405 9066 9453 3309 7410 8179 9719 6392 6777
25 5511 7817 5648 8338 8470 5147 8743 6952 6823 6441 3888 4660 9400 6589 8253 2879 66 2627 460 7514 3170 5611 3185 6902 3964
25 9730 7427 5510 775 8592 9490 18 537 2973 6437 1069 3130 5178 702 6468 7877 8791 5723 1758 7907 4452 3174 2033 5755 7420
25 3721 266 906 6163 6420 4120 9370 3610 1574 1191 9768 5162 3377 6066 7741 322 7495 7754 8907 2380 3792 9939 228 7799 6525
25 1934 1940 4248 3993 8090 6559 6944 9002 2988 5552 177 5681 4924 5180 3029 9045 4193 5987 1379 489 7404 3831 9848 8827 6267
25 9604 2950 8456 8085 2337 1702 1832 8618 6702 1076 2102 5819 959 7360 6852 9286 841 2395 2154 3563 1008 9202 9207 9851 251
25 2568 2320 3347 3349 2966 8735 2468 168 555 813 4269 2225 2994 6580 1601 5577 2889 5332 6487 5470 5984 8184 9723 6524 5247
25 642 5642 7446 6423 8864 9006 3004 2752 7618 5571 1620 8415 8420 2916 4454 4456 3690 8942 3439 5487 5488 4850 4339 6388 7803
25 9345 8070 8968 2318 5013 1067 6956 6443 2475 7090 8628 6841 5570 328 3021 4947 736 5090 8675 9577 3180 4461 5614 7279 8188
25 5384 2825 1300 5270 6424 7834 3104 9641 8491 8367 1200 2873 3388 2503 5323 1999 6355 6744 7128 6234 9700 491 9330 7797 1274
25 1806 7574 153 927 9119 6817 6180 166 4520 2863 432 8117 1079 2874 2110 191 1604 4436 980 9067 6897 7795 3451 9980 5245
25 4744 4746 6160 4116 4373 1689 547 8741 2860 3635 5047 3259 2108 4676 9927 7882 5329 7250 5460 1367 476 9311 4972 8436 7415
25 2816 2953 4622 9233 6940 7582 9515 7468 2477 4779 6323 3636 2487 9144 5054 7746 8514 5060 1991 4444 7900 6492 4711 4457 2541
25 4096 8834 264 7177 1546 6415 2584 7964 2463 559 7344 6065 4159 6851 8772 5702 455 6473 1866 4306 9433 1516 3437 8700 7294
25 657 9361 3985 1685 6042 7086 9014 4663 1852 9662 833 3649 8901 3657 2765 6225 5458 9177 2266 3692 2669 9841 2294 2553 1662
25 4352 8578 5508 5129 4875 396 7194 5786 6179 2217 5805 7855 824 4028 7745 2643 9310 5216 1249 5859 6635 1396 7413 9206 6008
25 3073 5521 8855 408 9500 9121 8738 9646 304 2097 8884 8502 2105 6463 2115 68 6086 9042 861 9191 9960 243 5370 6651 3326
25 4737 9220 3081 2954 1949 8097 1449 682 8107 1197 7981 7600 8629 6712 962 1733 1993 2129 3930 3041 5092 5606 8434 9587 6394
25 4229 7434 5780 9380 3239 1961 1962 3901 701 2625 5829 6214 2900 3672 2908 478 4190 5856 2272 2148 5617 3314 3315 7160 1916
25 8073 664 6683 3872 936 296 8232 9901 4911 8498 1460 5430 8378 1340 9028 8388 8915 4449 8545 5739 4589 4595 7033 6397 5501
25 6400 9861 9865 533 3095 7832 9898 4400 1330 8631 5943 9918 4424 7755 5197 4688 9428 7383 8154 7911 751 9459 506 765 3711
25 6151 7058 7062 2968 1566 3616 6177 6311 6568 425 2090 6062 2350 1474 9411 4549 3157 8792 8920 6232 3039 2402 8802 4720 2419
25 3969 1928 6665 1554 8984 1563 156 9633 8234 5556 6334 8775 6864 213 7254 733 2654 9567 3040 8033 7146 5612 5746 6006 3319
25 2947 1285 1926 2821 9481 9484 271 529 4882 8989 4381 7330 2214 4650 2612 7222 822 7102 2001 8018 8658 724 8552 3316 8054
25 9346 4999 5645 5902 2063 5011 161 1954 3380 4407 9531 1083 2368 835 3398 840 7501 9815 1114 2784 5226 4715 8810 5616 4856
25 9628 6047 8737 4643 3235 8105 1322 8490 562 6579 9268 2484 7229 4674 4938 6478 2767 5328 3927 5721 4186 3042 8186 4859 9726
25 1924 6 6421 9623 5791 5160 1708 942 3378 7093 1591 8013 1491 6360 9561 1502 4066 6772 7285 6774 505 763 9595 2428 4991
25 6784 648 5389 2963 9235 8605 1696 2982 5290 684 2481 2610 6965 4535 8638 975 2259 2776 5979 860 4955 7393 9315 1389 1660
25 3459 9487 8465 6931 5396 1060 1189 9637 6578 1339 7101 3778 4037 7242 7890 2645 1504 610 9573 9450 3950 3700 2678 246 8062
25 3329 5633 7318 9499 544 7332 6314 6454 6070 5432 186 3007 839 8136 6858 8142 6484 5334 2392 8921 2270 2400 4076 3312 3194
25 3202 6659 9474 2570 5264 1811 6035 7192 6809 1306 6427 8872 7723 3260 446 7361 2632 718 347 9329 1650 2291 9977 2429 255
25 6275 4998 9225 7698 2066 4764 2084 561 1084 4931 9926 8264 1610 9290 9933 8528 5074 1748 1494 9691 8543 6497 2408 6633 8809
25 384 389 7306 6547 5658 6298 5416 3116 687 9648 5437 9921 7875 3780 9162 3790 2133 9829 2278 872 8306 8693 6010 8957 9087
25 4102 9608 4361 6939 64 6981 458 1482 1100 9164 2257 9426 2774 3674 3166 3808 9318 9322 9834 8301 6894 1904 881 6909 9983
25 521 2190 7442 2722 418 7586 681 7339 9263 7481 5434 9020 1480 968 6987 7885 2520 2399 225 2273 112 9072 371 7418 4095
25 4866 9479 904 7820 6799 9617 2330 414 9635 2092 7725 7348 9403 9787 8125 9277 9663 6467 709 2783 3936 8426 6383 2418 1014
25 5120 8713 1681 3473 3218 9620 1943 9756 8357 1193 4795 4283 1213 7996 4419 4169 9291 4171 9430 4440 2655 2527 5609 6140 3455
25 4363 910 9626 803 7205 6185 4395 5420 1969 5303 3639 9537 5185 8900 4293 4167 8780 1625 7780 9833 8813 1518 2546 4604 3965
25 2438 9488 8851 3477 4119 164 37 4005 167 6571 1966 8239 5555 4686 6479 9301 9306 5599 2785 9187 3939 3171 2019 5993 1525
25 6406 4103 4745 6284 403 7319 6942 5156 5287 6449 8636 8509 703 3526 4295 6358 5592 7130 7265 8550 1513 2029 2415 3063 8312
25 3328 7173 9222 6934 7580 2333 4767 4127 9761 6968 8889 1731 8405 9942 1125 104 4586 3824 6769 3702 7670 7288 3067 4222 5374
25 4243 3350 923 2206 4896 4644 6824 4137 8115 2103 2750 2240 5827 8774 3401 4048 6480 2901 4951 3172 3689 4466 4347 8060 1277
25 900 1420 8336 4757 2327 7068 4642 4771 3878 1319 3751 5929 4538 7876 8397 9682 8924 9314 5476 6377 6506 3052 620 8058 2046
25 4098 131 5380 6678 8599 1562 284 6063 6835 6837 573 8259 8651 8267 333 2895 8657 3283 4443 1377 8164 9062 7924 5500 2686
25 1409 7822 2446 4625 6033 6546 4891 6050 7079 6574 1847 7227 574 5698 1368 997 2406 8679 9576 8681 4721 3829 3573 3066 8319
25 1673 9868 3341 2702 2701 7203 6694 2598 2987 9265 7474 5560 7995 2876 5316 8904 2635 603 6494 4320 2915 1908 1141 6908 4351
25 1793 7813 778 1291 651 9232 9875 6041 5154 6196 3896 4153 2492 4170 849 471 219 3806 1890 740 3045 2534 8294 5867 2163
25 2176 7302 7047 3849 655 9877 3744 6819 7718 6569 6699 2091 3883 5936 1587 7483 2631 593 1617 4957 990 1248 3429 237 1403
25 6409 1045 1815 9753 5530 2599 3624 1324 940 1839 4152 579 4808 7374 1103 9298 1877 7134 3424 5351 1649 3956 2805 1144 2169
25 643 3075 7 7193 4510 5543 40 7852 2989 4790 1592 7100 3008 7236 5973 4825 9946 9189 8934 2028 1902 4600 8697 7677 2430
25 6789 4636 5661 1948 5797 2990 7727 3379 4280 5696 9924 4934 1863 978 6482 8277 7765 3802 7008 7266 6883 5222 1260 8177 1779
25 132 2065 8979 660 7710 4257 3234 3618 934 3897 1980 8511 3521 73 8271 5713 6372 7268 8166 5223 362 8043 4212 757 3833
25 3841 8321 8715 1548 3220 21 7322 4132 805 5031 6056 5690 8764 5699 3013 9670 9798 6470 5079 858 7387 9693 3945 626 6527
25 2944 898 9989 8341 23 2717 1956 5933 3122 3891 7987 4662 6590 3906 8643 7364 323 6603 4557 8143 851 5204 4199 8688 4988
25 4232 8719 3859 3615 4640 9642 5301 8508 4290 8131 3142 8278 9558 6361 9436 7655 8685 9966 2292 2422 1655 8567 5496 4599 8191
25 258 7812 2182 7703 8217 9640 8748 2355 9651 9141 5066 4811 3925 7131 8671 4455 8429 110 5871 5233 8439 3321 1531 6141 1535
25 1417 6540 7824 531 1814 5028 6949 5297 6451 1974 3647 1857 199 9931 1102 6990 1234 7515 2652 8162 7906 4463 499 9333 5244
25 9096 2442 6028 147 1686 5271 670 1830 3750 2347 3505 2742 5565 1214 3393 9552 5969 5977 9568 8423 8044 8564 1781 7674 1150
25 7808 8714 4623 7699 9365 9239 9375 3617 8482 7075 7716 7602 3767 1720 2367 65 8001 3275 337 984 9307 8036 6505 2293 3704
25 1027 5764 8200 7050 8080 9105 5012 1312 2208 1443 1215 8256 7758 8788 9432 7261 1891 4718 3568 113 4978 7667 3572 4727 4732
25 6913 7048 9736 1039 5779 2329 5274 4513 1979 188 5947 6718 1212 4932 8908 7118 6887 4200 9838 9583 3574 2936 4217 1146 9340
25 2048 7428 1038 3600 4246 7983 5810 5683 7731 2104 6845 715 1358 6607 3026 217 9948 4573 9442 1767 4840 6766 9199 4975 6384
25 7941 1694 7968 7585 3492 5046 3132 3645 706 2117 8391 9288 6222 974 8536 6104 3036 220 3168 8805 3814 4712 2153 6891 5998
25 2313 6157 781 5265 1819 4124 8863 9122 8486 2604 436 1989 5576 2760 6628 9578 3435 9586 8563 8818 6514 9339 5627 892 2684
25 9856 773 7686 1674 1436 7977 686 7221 9269 1724 6335 7621 329 9545 8015 7888 5841 1108 90 2150 4204 6641 498 377 4862
25 8069 9867 3085 5774 914 1298 5402 800 9764 5930 2095 944 4669 7490 4162 1351 1484 207 9937 597 3418 7901 1251 8682 4207
25 3460 901 5257 1166 3854 2964 4384 1196 5165 5167 7218 3126 9536 1858 4807 1225 5710 3919 7382 348 6495 5473 6900 2685 2558
25 4736 8324 1163 1931 5901 9360 785 1558 7579 2605 3501 429 8877 5691 7617 4933 6982 2507 4939 5071 9936 2523 4834 7403 6009
25 5891 1797 2694 1799 4364 142 1428 4890 4763 419 3497 9386 1329 3250 6068 6344 4942 2254 4049 3669 5085 5343 3438 5628 5246
25 4225 3845 8967 7049 8079 527 6431 8607 4386 5283 1594 964 1736 4559 3667 983 5338 7643 2267 2525 3937 9710 759 8313 6778
25 7301 6025 7843 554 5418 6575 8891 4667 5694 8898 3268 2763 717 729 9696 5344 2151 5735 7660 9326 8048 7932 6396 6013 8447
25 4872 9994 4749 1678 5773 1680 3984 32 4516 8229 7720 7088 1072 8754 7243 1373 4707 3686 5992 2152 1134 8687 631 1530 4734
25 3200 7560 1929 8587 2445 8345 5793 552 937 4393 1462 2241 1478 3143 5318 1738 9676 3662 8922 4961 2023 8686 1778 5234 242
25 1410 899 1156 9482 6418 2451 4628 5272 2721 9127 2731 3632 4273 1074 3892 1846 2887 8916 2139 94 9695 2143 6653 7037 2303
25 4097 6786 3597 6674 6038 5528 5408 2340 3756 5677 2349 6320 4658 1458 6717 6338 9923 5586 5595 2526 9698 229 5994 7530 4220
25 7174 2822 2829 7441 5399 1439 5792 3105 1071 7738 8895 5186 6723 1489 4448 1760 5731 9957 5862 617 234 5104 9335 120 8698
25 3344 5908 7190 5145 8858 6566 812 44 6700 3772 4542 319 7742 2881 4165 5830 590 2003 3809 4965 614 4084 6780 7933 2813
25 3974 143 8593 9107 2473 3886 4533 1977 5822 1088 3522 2374 4425 1743 3024 4175 5589 3926 6870 1240 5976 2281 6767 9458 2298
25 390 9480 6155 3083 5651 5910 6935 7706 6044 6945 2082 2227 7479 2743 6074 6085 9416 2508 87 3420 6379 2797 7281 9211 637
25 4357 7558 5767 3976 3346 6675 7331 36 301 7089 9025 1092 5449 8145 3411 5207 4056 6105 2141 2653 2397 7030 3448 8956 3453
25 9476 398 2577 545 7851 9771 45 4403 9146 1469 318 9794 9412 9413 2251 9044 469 4828 2531 613 359 5608 3561 2808 2431
25 5375 6914 1555 8852 4378 2335 8101 939 2101 1206 1334 4791 4554 9038 1104 3410 2004 3803 6624 9185 1634 1257 2793 4350 2687
25 8839 8089 7719 7345 7223 8634 8507 1986 2243 3015 4682 7117 2769 5461 2393 2011 8540 6121 9194 3053 3190 503 5881 7419 3583
25 4995 9992 270 1171 6432 7714 1699 9382 4651 8377 9790 9919 8642 6854 2377 2378 2249 6356 1879 8284 3804 1120 7014 3176 4860
25 1920 2704 5777 8723 2325 8086 9495 6551 8860 2607 4656 7733 7610 570 8260 711 9678 8533 2268 2658 1636 2662 7786 2542 9850
25 7682 135 3217 7074 4776 8242 4281 9659 7620 7879 1607 1099 6608 7633 8022 5466 8541 4201 2282 5747 7669 5623 8059 7931 8189
25 3717 4485 903 7431 2828 4620 8850 5523 5525 1430 8476 2847 6304 6209 8770 4039 6223 6354 8023 9048 6243 7652 8303 5364 7801
25 9472 1794 8706 7684 3599 1809 7841 5794 289 8867 9000 560 2231 8123 8649 9297 5333 8796 2398 7391 865 883 6004 5115 9086
25 5772 7565 2199 792 6174 7849 9001 4396 5293 9136 6960 4785 9652 439 7351 9401 8779 7245 2638 1362 987 6111 4330 2798 3062
25 394 1936 274 2585 798 5666 3365 5672 4649 4010 5558 6583 2488 6722 4681 1356 7000 9179 6239 1385 7148 5368 9849 252 636
25 513 4880 5016 8859 4385 4389 5804 3258 195 5960 6739 8276 1109 7898 2013 7646 5986 8803 2914 9827 2025 1775 7151 3569 6269
25 1408 5906 661 925 1823 2348 8244 1461 5815 4920 6843 828 2756 8394 8909 4179 8789 3542 9053 7262 6755 2024 5749 2809 9599